<?xml version="1.0" encoding="UTF-8"?>
<!-- Generated by org.testng.reporters.JUnitReportReporter -->
<testsuite hostname="DESKTOP-RK7M9RD" failures="0" tests="1" name="test.LoginTest" time="6.108" errors="0" timestamp="2025-06-13T19:31:44 NPT" skipped="0">
  <testcase classname="test.LoginTest" name="testValidLogin" time="6.108"/>
</testsuite> <!-- test.LoginTest -->
