<?xml version="1.0" encoding="UTF-8"?>
<!-- Generated by org.testng.reporters.JUnitReportReporter -->
<testsuite hostname="DESKTOP-RK7M9RD" failures="0" tests="1" name="test.LoginTest" time="6.176" errors="0" timestamp="2025-06-12T12:33:52 NPT" skipped="0">
  <testcase classname="test.LoginTest" name="testValidLogin" time="6.176"/>
</testsuite> <!-- test.LoginTest -->
