<?xml version="1.0" encoding="UTF-8"?>
<!-- Generated by org.testng.reporters.JUnitReportReporter -->
<testsuite hostname="DESKTOP-RK7M9RD" failures="0" tests="3" name="test.LoginTest" time="21.605" errors="0" timestamp="2025-06-21T21:31:55 NPT" skipped="0">
  <testcase classname="test.LoginTest" name="testValidLogin" time="4.490"/>
  <testcase classname="test.LoginTest" name="testValidLogin" time="5.620"/>
  <testcase classname="test.LoginTest" name="testValidLogin" time="11.495"/>
</testsuite> <!-- test.LoginTest -->
