<?xml version="1.0" encoding="UTF-8"?>
<!-- Generated by org.testng.reporters.JUnitReportReporter -->
<testsuite hostname="DESKTOP-RK7M9RD" failures="0" tests="3" name="test.LoginTest" time="28.214" errors="0" timestamp="2025-06-20T22:14:11 NPT" skipped="0">
  <testcase classname="test.LoginTest" name="testValidLogin" time="4.398"/>
  <testcase classname="test.LoginTest" name="testValidLogin" time="18.562"/>
  <testcase classname="test.LoginTest" name="testValidLogin" time="5.254"/>
</testsuite> <!-- test.LoginTest -->
