<?xml version="1.0" encoding="UTF-8"?>
<!-- Generated by org.testng.reporters.JUnitReportReporter -->
<testsuite hostname="DESKTOP-RK7M9RD" failures="0" tests="1" name="test.LoginTest" time="6.903" errors="0" timestamp="2025-06-19T21:39:25 NPT" skipped="0">
  <testcase classname="test.LoginTest" name="testValidLogin" time="6.903"/>
</testsuite> <!-- test.LoginTest -->
